SQL> CLEAR SCREEN
SQL> SELECT * FROM EMP;
     EMPNO ENAME      JOB              MGR HIREDATE         SAL       COMM     DEPTNO               
---------- ---------- --------- ---------- --------- ---------- ---------- ----------               
      7369 SMITH      CLERK           7902 17-DEC-80        800                    20               
      7499 ALLEN      SALESMAN        7698 20-FEB-81       1600        300         30               
      7521 WARD       SALESMAN        7698 22-FEB-81       1250        500         30               
      7566 JONES      MANAGER         7839 02-APR-81       2975                    20               
      7654 MARTIN     SALESMAN        7698 28-SEP-81       1250       1400         30               
      7698 BLAKE      MANAGER         7839 01-MAY-81       2850                    30               
      7782 CLARK      MANAGER         7839 09-JUN-81       2450                    10               
      7788 SCOTT      ANALYST         7566 19-APR-87       3000                    20               
      7839 KING       PRESIDENT            17-NOV-81       5000                    10               
      7844 TURNER     SALESMAN        7698 08-SEP-81       1500          0         30               
      7876 ADAMS      CLERK           7788 23-MAY-87       1100                    20               
      7900 JAMES      CLERK           7698 03-DEC-81        950                    30               
      7902 FORD       ANALYST         7566 03-DEC-81       3000                    20               
      7934 MILLER     CLERK           7782 23-JAN-82       1300                    10               

14 rows selected.

SQL> SELECT ENAME FROM EMP WHERE SALARY>3000;
SELECT ENAME FROM EMP WHERE SALARY>3000
                            *
ERROR at line 1:
ORA-00904: "SALARY": invalid identifier 


SQL> SELECT ENAME FROM EMP WHERE SAL>3000;
ENAME                                                                                               
----------                                                                                          
KING                                                                                                

SQL> SELECT * FROM EMP WHERE SAL>3000;
     EMPNO ENAME      JOB              MGR HIREDATE         SAL       COMM     DEPTNO               
---------- ---------- --------- ---------- --------- ---------- ---------- ----------               
      7839 KING       PRESIDENT            17-NOV-81       5000                    10               

SQL> SELECT * FROM EMP WHERE SAL<5000;
     EMPNO ENAME      JOB              MGR HIREDATE         SAL       COMM     DEPTNO               
---------- ---------- --------- ---------- --------- ---------- ---------- ----------               
      7369 SMITH      CLERK           7902 17-DEC-80        800                    20               
      7499 ALLEN      SALESMAN        7698 20-FEB-81       1600        300         30               
      7521 WARD       SALESMAN        7698 22-FEB-81       1250        500         30               
      7566 JONES      MANAGER         7839 02-APR-81       2975                    20               
      7654 MARTIN     SALESMAN        7698 28-SEP-81       1250       1400         30               
      7698 BLAKE      MANAGER         7839 01-MAY-81       2850                    30               
      7782 CLARK      MANAGER         7839 09-JUN-81       2450                    10               
      7788 SCOTT      ANALYST         7566 19-APR-87       3000                    20               
      7844 TURNER     SALESMAN        7698 08-SEP-81       1500          0         30               
      7876 ADAMS      CLERK           7788 23-MAY-87       1100                    20               
      7900 JAMES      CLERK           7698 03-DEC-81        950                    30               
      7902 FORD       ANALYST         7566 03-DEC-81       3000                    20               
      7934 MILLER     CLERK           7782 23-JAN-82       1300                    10               

13 rows selected.

SQL> SELECT ENAME,HIREDATE,EMPNO WHERE JOB="MANAGER";
SELECT ENAME,HIREDATE,EMPNO WHERE JOB="MANAGER"
                            *
ERROR at line 1:
ORA-00923: FROM keyword not found where expected 


SQL> SELECT ENAME,HIREDATE,EMPNO FROM EMP WHERE JOB="MANAGER";
SELECT ENAME,HIREDATE,EMPNO FROM EMP WHERE JOB="MANAGER"
                                               *
ERROR at line 1:
ORA-00904: "MANAGER": invalid identifier 


SQL> SELECT ENAME,HIREDATE,EMPNO FROM EMP WHERE JOB=MANAGER;
SELECT ENAME,HIREDATE,EMPNO FROM EMP WHERE JOB=MANAGER
                                               *
ERROR at line 1:
ORA-00904: "MANAGER": invalid identifier 


SQL> SELECT ENAME,HIREDATE,EMPNO FROM EMP WHERE JOB='MANAGER';

ENAME      HIREDATE       EMPNO                                                                     
---------- --------- ----------                                                                     
JONES      02-APR-81       7566                                                                     
BLAKE      01-MAY-81       7698                                                                     
CLARK      09-JUN-81       7782                                                                     

SQL> SELECT ENAME FROM EMP WHERE HIREDATE =01-JAN-81;
SELECT ENAME FROM EMP WHERE HIREDATE =01-JAN-81
                                         *
ERROR at line 1:
ORA-00904: "JAN": invalid identifier 


SQL> SELECT ENAME FROM EMP WHERE HIREDATE ='01-JAN-81';

no rows selected

SQL> CLEAR ALL
SP2-0158: unknown CLEAR option "ALL"
SQL> CLEAR SCREEN
SQL> SELECT 8 FROM EMP;
         8                                                                                          
----------                                                                                          
         8                                                                                          
         8                                                                                          
         8                                                                                          
         8                                                                                          
         8                                                                                          
         8                                                                                          
         8                                                                                          
         8                                                                                          
         8                                                                                          
         8                                                                                          
         8                                                                                          
         8                                                                                          
         8                                                                                          
         8                                                                                          

14 rows selected.

SQL> CLEAR ALL
SP2-0158: unknown CLEAR option "ALL"
SQL> CLEAR SCREEN
SQL> SELECT * FROM EMP;
     EMPNO ENAME      JOB              MGR HIREDATE         SAL       COMM     DEPTNO               
---------- ---------- --------- ---------- --------- ---------- ---------- ----------               
      7369 SMITH      CLERK           7902 17-DEC-80        800                    20               
      7499 ALLEN      SALESMAN        7698 20-FEB-81       1600        300         30               
      7521 WARD       SALESMAN        7698 22-FEB-81       1250        500         30               
      7566 JONES      MANAGER         7839 02-APR-81       2975                    20               
      7654 MARTIN     SALESMAN        7698 28-SEP-81       1250       1400         30               
      7698 BLAKE      MANAGER         7839 01-MAY-81       2850                    30               
      7782 CLARK      MANAGER         7839 09-JUN-81       2450                    10               
      7788 SCOTT      ANALYST         7566 19-APR-87       3000                    20               
      7839 KING       PRESIDENT            17-NOV-81       5000                    10               
      7844 TURNER     SALESMAN        7698 08-SEP-81       1500          0         30               
      7876 ADAMS      CLERK           7788 23-MAY-87       1100                    20               
      7900 JAMES      CLERK           7698 03-DEC-81        950                    30               
      7902 FORD       ANALYST         7566 03-DEC-81       3000                    20               
      7934 MILLER     CLERK           7782 23-JAN-82       1300                    10               

14 rows selected.

SQL> SELECT ENAME,SAL FROM EMP WHERE DEPTNO =10;
ENAME             SAL                                                                               
---------- ----------                                                                               
CLARK            2450                                                                               
KING             5000                                                                               
MILLER           1300                                                                               

SQL> SELECT ENAME,HIREDATE FROM EMP WHERE HIREDATE='09-JUN-81';
ENAME      HIREDATE                                                                                 
---------- ---------                                                                                
CLARK      09-JUN-81                                                                                

SQL> SELECT ENAME FROM EMP WHERE NAME='MILLER';
SELECT ENAME FROM EMP WHERE NAME='MILLER'
                            *
ERROR at line 1:
ORA-00904: "NAME": invalid identifier 


SQL> SELECT ENAME FROM EMP WHERE ENAME='MILLER';
ENAME                                                                                               
----------                                                                                          
MILLER                                                                                              

SQL> SELECT * FROM EMP WHERE HIREDATE >= '01-JAN-81';
     EMPNO ENAME      JOB              MGR HIREDATE         SAL       COMM     DEPTNO               
---------- ---------- --------- ---------- --------- ---------- ---------- ----------               
      7499 ALLEN      SALESMAN        7698 20-FEB-81       1600        300         30               
      7521 WARD       SALESMAN        7698 22-FEB-81       1250        500         30               
      7566 JONES      MANAGER         7839 02-APR-81       2975                    20               
      7654 MARTIN     SALESMAN        7698 28-SEP-81       1250       1400         30               
      7698 BLAKE      MANAGER         7839 01-MAY-81       2850                    30               
      7782 CLARK      MANAGER         7839 09-JUN-81       2450                    10               
      7788 SCOTT      ANALYST         7566 19-APR-87       3000                    20               
      7839 KING       PRESIDENT            17-NOV-81       5000                    10               
      7844 TURNER     SALESMAN        7698 08-SEP-81       1500          0         30               
      7876 ADAMS      CLERK           7788 23-MAY-87       1100                    20               
      7900 JAMES      CLERK           7698 03-DEC-81        950                    30               
      7902 FORD       ANALYST         7566 03-DEC-81       3000                    20               
      7934 MILLER     CLERK           7782 23-JAN-82       1300                    10               

13 rows selected.

SQL> SELECT ENAME,SAL,HIREDATE FROM EMP WHERE HIREDATE >='1985';
SELECT ENAME,SAL,HIREDATE FROM EMP WHERE HIREDATE >='1985'
                                                    *
ERROR at line 1:
ORA-01861: literal does not match format string 


SQL> SELECT ENAME,SAL,HIREDATE FROM EMP WHERE HIREDATE > 85;
SELECT ENAME,SAL,HIREDATE FROM EMP WHERE HIREDATE > 85
                                                  *
ERROR at line 1:
ORA-00932: inconsistent datatypes: expected DATE got NUMBER 


SQL> SELECT ENAME,SAL,HIREDATE FROM EMP WHERE HIREDATE > '1985';
SELECT ENAME,SAL,HIREDATE FROM EMP WHERE HIREDATE > '1985'
                                                    *
ERROR at line 1:
ORA-01861: literal does not match format string 


SQL> SELECT ENAME,SAL,HIREDATE FROM EMP WHERE HIREDATE > '31-DEC-85';
ENAME             SAL HIREDATE                                                                      
---------- ---------- ---------                                                                     
SCOTT            3000 19-APR-87                                                                     
ADAMS            1100 23-MAY-87                                                                     

SQL> SELECT ENAME FROM EMP WHERE HIREDATE='14-FEB-2020';

no rows selected

SQL> SPOOL OFF
