SQL> select * from emp;

     EMPNO ENAME      JOB              MGR HIREDATE         SAL       COMM      
---------- ---------- --------- ---------- --------- ---------- ----------      
    DEPTNO                                                                      
----------                                                                      
      7369 SMITH      CLERK           7902 17-DEC-80        800                 
        20                                                                      
                                                                                
      7499 ALLEN      SALESMAN        7698 20-FEB-81       1600        300      
        30                                                                      
                                                                                
      7521 WARD       SALESMAN        7698 22-FEB-81       1250        500      
        30                                                                      
                                                                                

     EMPNO ENAME      JOB              MGR HIREDATE         SAL       COMM      
---------- ---------- --------- ---------- --------- ---------- ----------      
    DEPTNO                                                                      
----------                                                                      
      7566 JONES      MANAGER         7839 02-APR-81       2975                 
        20                                                                      
                                                                                
      7654 MARTIN     SALESMAN        7698 28-SEP-81       1250       1400      
        30                                                                      
                                                                                
      7698 BLAKE      MANAGER         7839 01-MAY-81       2850                 
        30                                                                      
                                                                                

     EMPNO ENAME      JOB              MGR HIREDATE         SAL       COMM      
---------- ---------- --------- ---------- --------- ---------- ----------      
    DEPTNO                                                                      
----------                                                                      
      7782 CLARK      MANAGER         7839 09-JUN-81       2450                 
        10                                                                      
                                                                                
      7788 SCOTT      ANALYST         7566 19-APR-87       3000                 
        20                                                                      
                                                                                
      7839 KING       PRESIDENT            17-NOV-81       5000                 
        10                                                                      
                                                                                

     EMPNO ENAME      JOB              MGR HIREDATE         SAL       COMM      
---------- ---------- --------- ---------- --------- ---------- ----------      
    DEPTNO                                                                      
----------                                                                      
      7844 TURNER     SALESMAN        7698 08-SEP-81       1500          0      
        30                                                                      
                                                                                
      7876 ADAMS      CLERK           7788 23-MAY-87       1100                 
        20                                                                      
                                                                                
      7900 JAMES      CLERK           7698 03-DEC-81        950                 
        30                                                                      
                                                                                

     EMPNO ENAME      JOB              MGR HIREDATE         SAL       COMM      
---------- ---------- --------- ---------- --------- ---------- ----------      
    DEPTNO                                                                      
----------                                                                      
      7902 FORD       ANALYST         7566 03-DEC-81       3000                 
        20                                                                      
                                                                                
      7934 MILLER     CLERK           7782 23-JAN-82       1300                 
        10                                                                      
                                                                                

14 rows selected.

SQL> set pages 100 lines 100;
SQL> select * from emp;

     EMPNO ENAME      JOB              MGR HIREDATE         SAL       COMM     DEPTNO               
---------- ---------- --------- ---------- --------- ---------- ---------- ----------               
      7369 SMITH      CLERK           7902 17-DEC-80        800                    20               
      7499 ALLEN      SALESMAN        7698 20-FEB-81       1600        300         30               
      7521 WARD       SALESMAN        7698 22-FEB-81       1250        500         30               
      7566 JONES      MANAGER         7839 02-APR-81       2975                    20               
      7654 MARTIN     SALESMAN        7698 28-SEP-81       1250       1400         30               
      7698 BLAKE      MANAGER         7839 01-MAY-81       2850                    30               
      7782 CLARK      MANAGER         7839 09-JUN-81       2450                    10               
      7788 SCOTT      ANALYST         7566 19-APR-87       3000                    20               
      7839 KING       PRESIDENT            17-NOV-81       5000                    10               
      7844 TURNER     SALESMAN        7698 08-SEP-81       1500          0         30               
      7876 ADAMS      CLERK           7788 23-MAY-87       1100                    20               
      7900 JAMES      CLERK           7698 03-DEC-81        950                    30               
      7902 FORD       ANALYST         7566 03-DEC-81       3000                    20               
      7934 MILLER     CLERK           7782 23-JAN-82       1300                    10               

14 rows selected.

SQL> SELECT SAL , CASE
  2  WHEN SAL BETWEEN 800 AND 1500 THEN 'LOW'
  3  WHEN SAL BETWEEN 1500 AND 3000 THEN 'MID'
  4  WHEN SAL BETWEEN 3001 AND 5000 THEN 'HIGH'
  5  END AS TYPE_OF_SAL
  6  FROM EMP
  7  ORDER BY SAL;

       SAL TYPE                                                                                     
---------- ----                                                                                     
       800 LOW                                                                                      
       950 LOW                                                                                      
      1100 LOW                                                                                      
      1250 LOW                                                                                      
      1250 LOW                                                                                      
      1300 LOW                                                                                      
      1500 LOW                                                                                      
      1600 MID                                                                                      
      2450 MID                                                                                      
      2850 MID                                                                                      
      2975 MID                                                                                      
      3000 MID                                                                                      
      3000 MID                                                                                      
      5000 HIGH                                                                                     

14 rows selected.

SQL> SELECT COUNT(*) EMP,SAL ,CASE
  2  WHEN SAL WHEN SAL BETWEEN 800 AND 1500 THEN 'LOW'
  3  WHEN SAL BETWEEN 1500 AND 3000 THEN 'MID'
  4   WHEN SAL BETWEEN 3001 AND 5000 THEN 'HIGH'
  5  END AS TYPE_OF_SAL
  6  FROM EMP
  7  ORDER BY SAL;
WHEN SAL WHEN SAL BETWEEN 800 AND 1500 THEN 'LOW'
         *
ERROR at line 2:
ORA-00920: invalid relational operator 


SQL> 
SQL> SELECT COUNT(CASE WHEN SAL BETWEEN 800 AND 1500 THEN 1 END) AS LOW,
  2         COUNT(CASE WHEN SAL BETWEEN 1501 AND 3000 THEN 1 END) AS MID,
  3         COUNT(CASE WHEN SAL BETWEEN 3001 AND 5000 THEN 1 END) AS HIGH
  4  FROM EMP;

       LOW        MID       HIGH                                                                    
---------- ---------- ----------                                                                    
         7          6          1                                                                    

SQL> SELECT CASE
  2           WHEN SAL BETWEEN 800 AND 1500 THEN 'LOW'
  3           WHEN SAL BETWEEN 1501 AND 3000 THEN 'MID'
  4           WHEN SAL BETWEEN 3001 AND 5000 THEN 'HIGH'
  5         END AS SAL_LEVEL,
  6         COUNT(*) AS EMP_COUNT
  7  FROM EMP
  8  GROUP BY CASE
  9             WHEN SAL BETWEEN 800 AND 1500 THEN 'LOW'
 10             WHEN SAL BETWEEN 1501 AND 3000 THEN 'MID'
 11             WHEN SAL BETWEEN 3001 AND 5000 THEN 'HIGH'
 12           END;

SAL_  EMP_COUNT                                                                                     
---- ----------                                                                                     
LOW           7                                                                                     
HIGH          1                                                                                     
MID           6                                                                                     

SQL> SELECT * FROM (SELECT SAL ,CASE
  2  
SQL> 
SQL> CLEAR SCREEN
SQL> SELECT * FROM (SELECT ENAME ,SAL FROM EMP);

ENAME             SAL                                                                               
---------- ----------                                                                               
SMITH             800                                                                               
ALLEN            1600                                                                               
WARD             1250                                                                               
JONES            2975                                                                               
MARTIN           1250                                                                               
BLAKE            2850                                                                               
CLARK            2450                                                                               
SCOTT            3000                                                                               
KING             5000                                                                               
TURNER           1500                                                                               
ADAMS            1100                                                                               
JAMES             950                                                                               
FORD             3000                                                                               
MILLER           1300                                                                               

14 rows selected.

SQL> WITH DEMO AS (SELECT * FROM EMP);
WITH DEMO AS (SELECT * FROM EMP)
                               *
ERROR at line 1:
ORA-00928: missing SELECT keyword 


SQL> WITH DEMO AS ( SELECT * FROM EMP)
  2  SELECT * FROM EMP;
WITH DEMO AS ( SELECT * FROM EMP)
                             *
ERROR at line 1:
ORA-32035: unreferenced query name defined in WITH clause 


SQL> WITH DEMO AS ( SELECT * FROM EMP)
  2  SELECT * FROM DEMO;

     EMPNO ENAME      JOB              MGR HIREDATE         SAL       COMM     DEPTNO               
---------- ---------- --------- ---------- --------- ---------- ---------- ----------               
      7369 SMITH      CLERK           7902 17-DEC-80        800                    20               
      7499 ALLEN      SALESMAN        7698 20-FEB-81       1600        300         30               
      7521 WARD       SALESMAN        7698 22-FEB-81       1250        500         30               
      7566 JONES      MANAGER         7839 02-APR-81       2975                    20               
      7654 MARTIN     SALESMAN        7698 28-SEP-81       1250       1400         30               
      7698 BLAKE      MANAGER         7839 01-MAY-81       2850                    30               
      7782 CLARK      MANAGER         7839 09-JUN-81       2450                    10               
      7788 SCOTT      ANALYST         7566 19-APR-87       3000                    20               
      7839 KING       PRESIDENT            17-NOV-81       5000                    10               
      7844 TURNER     SALESMAN        7698 08-SEP-81       1500          0         30               
      7876 ADAMS      CLERK           7788 23-MAY-87       1100                    20               
      7900 JAMES      CLERK           7698 03-DEC-81        950                    30               
      7902 FORD       ANALYST         7566 03-DEC-81       3000                    20               
      7934 MILLER     CLERK           7782 23-JAN-82       1300                    10               

14 rows selected.

SQL> CLAER SCREEN
SP2-0734: unknown command beginning "CLAER SCRE..." - rest of line ignored.
SQL> CLEAR SCREEN
SQL> 
SQL> SELECT JOB ,DEPTNO,SUM(SAL)
  2  FROM EMP
  3  GROUP BY JOB;
SELECT JOB ,DEPTNO,SUM(SAL)
            *
ERROR at line 1:
ORA-00979: not a GROUP BY expression 


SQL> SELECT JOB ,DEPT NO ,SUM(SAL)
  2  FROM EMP
  3  GROUP BY JOB ;
SELECT JOB ,DEPT NO ,SUM(SAL)
            *
ERROR at line 1:
ORA-00904: "DEPT": invalid identifier 


SQL> SELECT * FROM EMP;

     EMPNO ENAME      JOB              MGR HIREDATE         SAL       COMM     DEPTNO               
---------- ---------- --------- ---------- --------- ---------- ---------- ----------               
      7369 SMITH      CLERK           7902 17-DEC-80        800                    20               
      7499 ALLEN      SALESMAN        7698 20-FEB-81       1600        300         30               
      7521 WARD       SALESMAN        7698 22-FEB-81       1250        500         30               
      7566 JONES      MANAGER         7839 02-APR-81       2975                    20               
      7654 MARTIN     SALESMAN        7698 28-SEP-81       1250       1400         30               
      7698 BLAKE      MANAGER         7839 01-MAY-81       2850                    30               
      7782 CLARK      MANAGER         7839 09-JUN-81       2450                    10               
      7788 SCOTT      ANALYST         7566 19-APR-87       3000                    20               
      7839 KING       PRESIDENT            17-NOV-81       5000                    10               
      7844 TURNER     SALESMAN        7698 08-SEP-81       1500          0         30               
      7876 ADAMS      CLERK           7788 23-MAY-87       1100                    20               
      7900 JAMES      CLERK           7698 03-DEC-81        950                    30               
      7902 FORD       ANALYST         7566 03-DEC-81       3000                    20               
      7934 MILLER     CLERK           7782 23-JAN-82       1300                    10               

14 rows selected.

SQL> SELECT JOB , DEPTNO , SUM(SAL)
  2  FROM EMP
  3  GROUP BY JOB;
SELECT JOB , DEPTNO , SUM(SAL)
             *
ERROR at line 1:
ORA-00979: not a GROUP BY expression 


SQL> CLEAR SCREEN
SQL> SELECT * ROM EMP;
SELECT * ROM EMP
         *
ERROR at line 1:
ORA-00923: FROM keyword not found where expected 


SQL> SELECT * FROM EMP;

     EMPNO ENAME      JOB              MGR HIREDATE         SAL       COMM     DEPTNO               
---------- ---------- --------- ---------- --------- ---------- ---------- ----------               
      7369 SMITH      CLERK           7902 17-DEC-80        800                    20               
      7499 ALLEN      SALESMAN        7698 20-FEB-81       1600        300         30               
      7521 WARD       SALESMAN        7698 22-FEB-81       1250        500         30               
      7566 JONES      MANAGER         7839 02-APR-81       2975                    20               
      7654 MARTIN     SALESMAN        7698 28-SEP-81       1250       1400         30               
      7698 BLAKE      MANAGER         7839 01-MAY-81       2850                    30               
      7782 CLARK      MANAGER         7839 09-JUN-81       2450                    10               
      7788 SCOTT      ANALYST         7566 19-APR-87       3000                    20               
      7839 KING       PRESIDENT            17-NOV-81       5000                    10               
      7844 TURNER     SALESMAN        7698 08-SEP-81       1500          0         30               
      7876 ADAMS      CLERK           7788 23-MAY-87       1100                    20               
      7900 JAMES      CLERK           7698 03-DEC-81        950                    30               
      7902 FORD       ANALYST         7566 03-DEC-81       3000                    20               
      7934 MILLER     CLERK           7782 23-JAN-82       1300                    10               

14 rows selected.

SQL> SELECT JOB ,DEPTNO,SUM(SAL)
  2  FROM EMP
  3  GROUP BY JOB
  4  UNION
  5  ALL
  6  
SQL> SELECT JOB , DEPTNO,SUM(SAL)
  2  FROM EMP
  3  GROUP BY JOB,DEPTNO;

JOB           DEPTNO   SUM(SAL)                                                                     
--------- ---------- ----------                                                                     
MANAGER           20       2975                                                                     
PRESIDENT         10       5000                                                                     
CLERK             10       1300                                                                     
SALESMAN          30       5600                                                                     
ANALYST           20       6000                                                                     
MANAGER           30       2850                                                                     
MANAGER           10       2450                                                                     
CLERK             30        950                                                                     
CLERK             20       1900                                                                     

9 rows selected.

SQL>  SELECT JOB , DEPTNO,SUM(SAL)
  2  FROM EMP
  3  GROUP BY JOB,DEPTNO
  4  UNION
  5  SELECT JOB,NULL,SUM(SAL)
  6  FROM EMP
  7  GROUP BY JOB
  8  UNION
  9  SELECT NULL,NULL,SUM(SAL)
 10  FROM EMP;

JOB           DEPTNO   SUM(SAL)                                                                     
--------- ---------- ----------                                                                     
ANALYST           20       6000                                                                     
ANALYST                    6000                                                                     
CLERK             10       1300                                                                     
CLERK             20       1900                                                                     
CLERK             30        950                                                                     
CLERK                      4150                                                                     
MANAGER           10       2450                                                                     
MANAGER           20       2975                                                                     
MANAGER           30       2850                                                                     
MANAGER                    8275                                                                     
PRESIDENT         10       5000                                                                     
PRESIDENT                  5000                                                                     
SALESMAN          30       5600                                                                     
SALESMAN                   5600                                                                     
                          29025                                                                     

15 rows selected.

SQL> ED
Wrote file afiedt.buf

  1   SELECT JOB , DEPTNO,SUM(SAL)
  2  FROM EMP
  3  GROUP BY JOB,DEPTNO
  4  UNION
  5  SELECT JOB,NULL,SUM(SAL)
  6  FROM EMP
  7  GROUP BY JOB
  8  UNION
  9  SELECT NULL,NULL,SUM(SAL)
 10* FROM EMP
SQL> /

JOB           DEPTNO   SUM(SAL)                                                                     
--------- ---------- ----------                                                                     
ANALYST           20       6000                                                                     
ANALYST                    6000                                                                     
CLERK             10       1300                                                                     
CLERK             20       1900                                                                     
CLERK             30        950                                                                     
CLERK                      4150                                                                     
MANAGER           10       2450                                                                     
MANAGER           20       2975                                                                     
MANAGER           30       2850                                                                     
MANAGER                    8275                                                                     
PRESIDENT         10       5000                                                                     
PRESIDENT                  5000                                                                     
SALESMAN          30       5600                                                                     
SALESMAN                   5600                                                                     
                          29025                                                                     

15 rows selected.

SQL> 
SQL> SELECT JOB ,DEPTNO,SUM(SAL)
  2  FROM EMP
  3  GROUP BY ROLLUP(DEPTNO,JOB);

JOB           DEPTNO   SUM(SAL)                                                                     
--------- ---------- ----------                                                                     
CLERK             10       1300                                                                     
MANAGER           10       2450                                                                     
PRESIDENT         10       5000                                                                     
                  10       8750                                                                     
CLERK             20       1900                                                                     
ANALYST           20       6000                                                                     
MANAGER           20       2975                                                                     
                  20      10875                                                                     
CLERK             30        950                                                                     
MANAGER           30       2850                                                                     
SALESMAN          30       5600                                                                     
                  30       9400                                                                     
                          29025                                                                     

13 rows selected.

SQL> ED
Wrote file afiedt.buf

  1  SELECT JOB ,DEPTNO,SUM(SAL)
  2  FROM EMP
  3* GROUP BY ROLLUP(DEPTNO,JOB)
SQL> \
SP2-0042: unknown command "\" - rest of line ignored.
SQL> /

JOB           DEPTNO   SUM(SAL)                                                                     
--------- ---------- ----------                                                                     
CLERK             10       1300                                                                     
MANAGER           10       2450                                                                     
PRESIDENT         10       5000                                                                     
                  10       8750                                                                     
CLERK             20       1900                                                                     
ANALYST           20       6000                                                                     
MANAGER           20       2975                                                                     
                  20      10875                                                                     
CLERK             30        950                                                                     
MANAGER           30       2850                                                                     
SALESMAN          30       5600                                                                     
                  30       9400                                                                     
                          29025                                                                     

13 rows selected.

SQL> ED
Wrote file afiedt.buf

  1  SELECT JOB ,DEPTNO,SUM(SAL)
  2  FROM EMP
  3* GROUP BY ROLLUP(DEPTNO,JOB)
SQL> ED
Wrote file afiedt.buf

  1  SELECT DEPTNO, JOB, SUM(SAL)
  2  FROM EMP
  3  GROUP BY DEPTNO, JOB
  4  UNION ALL
  5  SELECT DEPTNO, NULL AS JOB, SUM(SAL)
  6  FROM EMP
  7  GROUP BY DEPTNO
  8  UNION ALL
  9  SELECT NULL AS DEPTNO, NULL AS JOB, SUM(SAL)
 10* FROM EMP;
 11  
SQL> SELECT DEPTNO ,JOB ,SUM(SAL)
  2  FROM EMP
  3  GROUP BY DEPTNO,JOB
  4  UNION ALL
  5  SELECT DEPTNO,NULL,SUM(SAL)
  6  FROM EMP
  7  GROUP BY DEPTNO
  8  UNION ALL
  9  SELECT NULL,NULL,SUM(SAL)
 10  FROM EMP;

    DEPTNO JOB         SUM(SAL)                                                                     
---------- --------- ----------                                                                     
        20 CLERK           1900                                                                     
        30 SALESMAN        5600                                                                     
        20 MANAGER         2975                                                                     
        30 CLERK            950                                                                     
        10 PRESIDENT       5000                                                                     
        30 MANAGER         2850                                                                     
        10 CLERK           1300                                                                     
        10 MANAGER         2450                                                                     
        20 ANALYST         6000                                                                     
        30                 9400                                                                     
        20                10875                                                                     
        10                 8750                                                                     
                          29025                                                                     

13 rows selected.

SQL> SPOOL OFF
