SQL> SELECT SAL FROM EMP;
       SAL                                                                                          
----------                                                                                          
       800                                                                                          
      1600                                                                                          
      1250                                                                                          
      2975                                                                                          
      1250                                                                                          
      2850                                                                                          
      2450                                                                                          
      3000                                                                                          
      5000                                                                                          
      1500                                                                                          
      1100                                                                                          
       950                                                                                          
      3000                                                                                          
      1300                                                                                          

14 rows selected.

SQL> SELECT SAL-SAL*20/100 FROM EMP;
SAL-SAL*20/100                                                                                      
--------------                                                                                      
           640                                                                                      
          1280                                                                                      
          1000                                                                                      
          2380                                                                                      
          1000                                                                                      
          2280                                                                                      
          1960                                                                                      
          2400                                                                                      
          4000                                                                                      
          1200                                                                                      
           880                                                                                      
           760                                                                                      
          2400                                                                                      
          1040                                                                                      

14 rows selected.

SQL> SELECT SAL, SAL-100 AS PENLANTY_SAL FROM EMP;
       SAL PENLANTY_SAL                                                                             
---------- ------------                                                                             
       800          700                                                                             
      1600         1500                                                                             
      1250         1150                                                                             
      2975         2875                                                                             
      1250         1150                                                                             
      2850         2750                                                                             
      2450         2350                                                                             
      3000         2900                                                                             
      5000         4900                                                                             
      1500         1400                                                                             
      1100         1000                                                                             
       950          850                                                                             
      3000         2900                                                                             
      1300         1200                                                                             

14 rows selected.

SQL> SELECT SAL*12 AS ANNUAL_SALARY FROM EMP;
ANNUAL_SALARY                                                                                       
-------------                                                                                       
         9600                                                                                       
        19200                                                                                       

ANNUAL_SALARY                                                                                       
-------------                                                                                       
        15000                                                                                       
        35700                                                                                       
        15000                                                                                       
        34200                                                                                       
        29400                                                                                       
        36000                                                                                       
        60000                                                                                       
        18000                                                                                       
        13200                                                                                       
        11400                                                                                       
        36000                                                                                       
        15600                                                                                       

14 rows selected.

SQL> SELECT SAL*12 ANNUAL_SALARY FROM EMP;
ANNUAL_SALARY                                                                                       
-------------                                                                                       
         9600                                                                                       
        19200                                                                                       
        15000                                                                                       
        35700                                                                                       
        15000                                                                                       
        34200                                                                                       
        29400                                                                                       
        36000                                                                                       
        60000                                                                                       
        18000                                                                                       
        13200                                                                                       
        11400                                                                                       
        36000                                                                                       
        15600                                                                                       

14 rows selected.

SQL> SELECT SAL*12 "ANNUAL SAL" FROM EMP;
ANNUAL SAL                                                                                          
----------                                                                                          
      9600                                                                                          
     19200                                                                                          
     15000                                                                                          
     35700                                                                                          
     15000                                                                                          
     34200                                                                                          
     29400                                                                                          
     36000                                                                                          
     60000                                                                                          
     18000                                                                                          
     13200                                                                                          
     11400                                                                                          
     36000                                                                                          
     15600                                                                                          

14 rows selected.

SQL> CLS
SP2-0042: unknown command "CLS" - rest of line ignored.
SQL> CLEAR ALL
SP2-0158: unknown CLEAR option "ALL"
SQL> CLEAR
SQL> SPOOL OFF
