SQL> clear screen
SQL> SELECT * FROM EMP;

     EMPNO ENAME      JOB              MGR HIREDATE         SAL       COMM      
---------- ---------- --------- ---------- --------- ---------- ----------      
    DEPTNO                                                                      
----------                                                                      
      7369 SMITH      CLERK           7902 17-DEC-80        800                 
        20                                                                      
                                                                                
      7499 ALLEN      SALESMAN        7698 20-FEB-81       1600        300      
        30                                                                      
                                                                                
      7521 WARD       SALESMAN        7698 22-FEB-81       1250        500      
        30                                                                      
                                                                                

     EMPNO ENAME      JOB              MGR HIREDATE         SAL       COMM      
---------- ---------- --------- ---------- --------- ---------- ----------      
    DEPTNO                                                                      
----------                                                                      
      7566 JONES      MANAGER         7839 02-APR-81       2975                 
        20                                                                      
                                                                                
      7654 MARTIN     SALESMAN        7698 28-SEP-81       1250       1400      
        30                                                                      
                                                                                
      7698 BLAKE      MANAGER         7839 01-MAY-81       2850                 
        30                                                                      
                                                                                

     EMPNO ENAME      JOB              MGR HIREDATE         SAL       COMM      
---------- ---------- --------- ---------- --------- ---------- ----------      
    DEPTNO                                                                      
----------                                                                      
      7782 CLARK      MANAGER         7839 09-JUN-81       2450                 
        10                                                                      
                                                                                
      7788 SCOTT      ANALYST         7566 19-APR-87       3000                 
        20                                                                      
                                                                                
      7839 KING       PRESIDENT            17-NOV-81       5000                 
        10                                                                      
                                                                                

     EMPNO ENAME      JOB              MGR HIREDATE         SAL       COMM      
---------- ---------- --------- ---------- --------- ---------- ----------      
    DEPTNO                                                                      
----------                                                                      
      7844 TURNER     SALESMAN        7698 08-SEP-81       1500          0      
        30                                                                      
                                                                                
      7876 ADAMS      CLERK           7788 23-MAY-87       1100                 
        20                                                                      
                                                                                
      7900 JAMES      CLERK           7698 03-DEC-81        950                 
        30                                                                      
                                                                                

     EMPNO ENAME      JOB              MGR HIREDATE         SAL       COMM      
---------- ---------- --------- ---------- --------- ---------- ----------      
    DEPTNO                                                                      
----------                                                                      
      7902 FORD       ANALYST         7566 03-DEC-81       3000                 
        20                                                                      
                                                                                
      7934 MILLER     CLERK           7782 23-JAN-82       1300                 
        10                                                                      
                                                                                

14 rows selected.

SQL> SET LINES 100 PAGES 100;
SQL> SELECT * FROM EMP;

     EMPNO ENAME      JOB              MGR HIREDATE         SAL       COMM     DEPTNO               
---------- ---------- --------- ---------- --------- ---------- ---------- ----------               
      7369 SMITH      CLERK           7902 17-DEC-80        800                    20               
      7499 ALLEN      SALESMAN        7698 20-FEB-81       1600        300         30               
      7521 WARD       SALESMAN        7698 22-FEB-81       1250        500         30               
      7566 JONES      MANAGER         7839 02-APR-81       2975                    20               
      7654 MARTIN     SALESMAN        7698 28-SEP-81       1250       1400         30               
      7698 BLAKE      MANAGER         7839 01-MAY-81       2850                    30               
      7782 CLARK      MANAGER         7839 09-JUN-81       2450                    10               
      7788 SCOTT      ANALYST         7566 19-APR-87       3000                    20               
      7839 KING       PRESIDENT            17-NOV-81       5000                    10               
      7844 TURNER     SALESMAN        7698 08-SEP-81       1500          0         30               
      7876 ADAMS      CLERK           7788 23-MAY-87       1100                    20               
      7900 JAMES      CLERK           7698 03-DEC-81        950                    30               
      7902 FORD       ANALYST         7566 03-DEC-81       3000                    20               
      7934 MILLER     CLERK           7782 23-JAN-82       1300                    10               

14 rows selected.

SQL> SELECT * FROM SCOTT
  2  ;
SELECT * FROM SCOTT
              *
ERROR at line 1:
ORA-00942: table or view does not exist 


SQL> VIEW SCOTT;
SP2-0042: unknown command "VIEW SCOTT" - rest of line ignored.
SQL> SELECT COUNT(*) FROM SCOTT;
SELECT COUNT(*) FROM SCOTT
                     *
ERROR at line 1:
ORA-00942: table or view does not exist 


SQL> SELECT COUNT(*)
  2  FROM all_tables
  3  WHERE owner = 'SCOTT';

  COUNT(*)                                                                                          
----------                                                                                          
         4                                                                                          

SQL> SELECT * FROM SCOTT;
SELECT * FROM SCOTT
              *
ERROR at line 1:
ORA-00942: table or view does not exist 


SQL> SELECT * FROM user_tables;

TABLE_NAME                     TABLESPACE_NAME                CLUSTER_NAME                          
------------------------------ ------------------------------ ------------------------------        
IOT_NAME                       STATUS     PCT_FREE   PCT_USED  INI_TRANS  MAX_TRANS INITIAL_EXTENT  
------------------------------ -------- ---------- ---------- ---------- ---------- --------------  
NEXT_EXTENT MIN_EXTENTS MAX_EXTENTS PCT_INCREASE  FREELISTS FREELIST_GROUPS LOG B   NUM_ROWS        
----------- ----------- ----------- ------------ ---------- --------------- --- - ----------        
    BLOCKS EMPTY_BLOCKS  AVG_SPACE  CHAIN_CNT AVG_ROW_LEN AVG_SPACE_FREELIST_BLOCKS                 
---------- ------------ ---------- ---------- ----------- -------------------------                 
NUM_FREELIST_BLOCKS DEGREE     INSTANCES  CACHE TABLE_LO SAMPLE_SIZE LAST_ANAL PAR IOT_TYPE     T S 
------------------- ---------- ---------- ----- -------- ----------- --------- --- ------------ - - 
NES BUFFER_ ROW_MOVE GLO USE DURATION        SKIP_COR MON CLUSTER_OWNER                  DEPENDEN   
--- ------- -------- --- --- --------------- -------- --- ------------------------------ --------   
COMPRESS DRO                                                                                        
-------- ---                                                                                        
DEPT                           USERS                                                                
                               VALID            10                     1        255          65536  
                      1  2147483645                                         YES N          4        
         5            0          0          0          20                         0                 
                  0          1          1     N ENABLED            4 20-MAY-26 NO               N N 
NO  DEFAULT DISABLED YES NO                  DISABLED YES                                DISABLED   
DISABLED NO                                                                                         
                                                                                                    
EMP                            USERS                                                                
                               VALID            10                     1        255          65536  
                      1  2147483645                                         YES N         14        
         5            0          0          0          37                         0                 
                  0          1          1     N ENABLED           14 20-MAY-26 NO               N N 
NO  DEFAULT DISABLED YES NO                  DISABLED YES                                DISABLED   
DISABLED NO                                                                                         
                                                                                                    
BONUS                          USERS                                                                
                               VALID            10                     1        255          65536  
                      1  2147483645                                         YES N          0        
         0            0          0          0           0                         0                 
                  0          1          1     N ENABLED            0 20-MAY-26 NO               N N 
NO  DEFAULT DISABLED YES NO                  DISABLED YES                                DISABLED   
DISABLED NO                                                                                         
                                                                                                    
SALGRADE                       USERS                                                                
                               VALID            10                     1        255          65536  
                      1  2147483645                                         YES N          5        
         5            0          0          0          10                         0                 
                  0          1          1     N ENABLED            5 20-MAY-26 NO               N N 
NO  DEFAULT DISABLED YES NO                  DISABLED YES                                DISABLED   
DISABLED NO                                                                                         
                                                                                                    

SQL> SELECT ENAME , SAL , COMM FROM EMP;

ENAME             SAL       COMM                                                                    
---------- ---------- ----------                                                                    
SMITH             800                                                                               
ALLEN            1600        300                                                                    
WARD             1250        500                                                                    
JONES            2975                                                                               
MARTIN           1250       1400                                                                    
BLAKE            2850                                                                               
CLARK            2450                                                                               
SCOTT            3000                                                                               
KING             5000                                                                               
TURNER           1500          0                                                                    
ADAMS            1100                                                                               
JAMES             950                                                                               
FORD             3000                                                                               
MILLER           1300                                                                               

14 rows selected.

SQL> SELECT * FROM EMP;

     EMPNO ENAME      JOB              MGR HIREDATE         SAL       COMM     DEPTNO               
---------- ---------- --------- ---------- --------- ---------- ---------- ----------               
      7369 SMITH      CLERK           7902 17-DEC-80        800                    20               
      7499 ALLEN      SALESMAN        7698 20-FEB-81       1600        300         30               
      7521 WARD       SALESMAN        7698 22-FEB-81       1250        500         30               
      7566 JONES      MANAGER         7839 02-APR-81       2975                    20               
      7654 MARTIN     SALESMAN        7698 28-SEP-81       1250       1400         30               
      7698 BLAKE      MANAGER         7839 01-MAY-81       2850                    30               
      7782 CLARK      MANAGER         7839 09-JUN-81       2450                    10               
      7788 SCOTT      ANALYST         7566 19-APR-87       3000                    20               
      7839 KING       PRESIDENT            17-NOV-81       5000                    10               
      7844 TURNER     SALESMAN        7698 08-SEP-81       1500          0         30               
      7876 ADAMS      CLERK           7788 23-MAY-87       1100                    20               
      7900 JAMES      CLERK           7698 03-DEC-81        950                    30               
      7902 FORD       ANALYST         7566 03-DEC-81       3000                    20               
      7934 MILLER     CLERK           7782 23-JAN-82       1300                    10               

14 rows selected.

SQL> SELECT ENAME,HIREDATE FFROM EMP;
SELECT ENAME,HIREDATE FFROM EMP
                            *
ERROR at line 1:
ORA-00923: FROM keyword not found where expected 


SQL> ED
Wrote file afiedt.buf

  1* SELECT ENAME,HIREDATE FROM EMP
SQL> \
SP2-0042: unknown command "\" - rest of line ignored.
SQL> /

ENAME      HIREDATE                                                                                 
---------- ---------                                                                                
SMITH      17-DEC-80                                                                                
ALLEN      20-FEB-81                                                                                
WARD       22-FEB-81                                                                                
JONES      02-APR-81                                                                                
MARTIN     28-SEP-81                                                                                
BLAKE      01-MAY-81                                                                                
CLARK      09-JUN-81                                                                                
SCOTT      19-APR-87                                                                                
KING       17-NOV-81                                                                                
TURNER     08-SEP-81                                                                                
ADAMS      23-MAY-87                                                                                
JAMES      03-DEC-81                                                                                
FORD       03-DEC-81                                                                                
MILLER     23-JAN-82                                                                                

14 rows selected.

SQL> SELECT DNAME ,LOC FROM DEPT ;

DNAME          LOC                                                                                  
-------------- -------------                                                                        
ACCOUNTING     NEW YORK                                                                             
RESEARCH       DALLAS                                                                               
SALES          CHICAGO                                                                              
OPERATIONS     BOSTON                                                                               

SQL> SELECT DISTINCT JOB
  2  FROM EMP;

JOB                                                                                                 
---------                                                                                           
CLERK                                                                                               
SALESMAN                                                                                            
PRESIDENT                                                                                           
MANAGER                                                                                             
ANALYST                                                                                             

SQL> SELECT DISTINCT DEPTNO
  2  FROM EMP;

    DEPTNO                                                                                          
----------                                                                                          
        30                                                                                          
        20                                                                                          
        10                                                                                          

SQL> CLEAR SCREEN
SQL> SELECT * FROM EMP;

     EMPNO ENAME      JOB              MGR HIREDATE         SAL       COMM     DEPTNO               
---------- ---------- --------- ---------- --------- ---------- ---------- ----------               
      7369 SMITH      CLERK           7902 17-DEC-80        800                    20               
      7499 ALLEN      SALESMAN        7698 20-FEB-81       1600        300         30               
      7521 WARD       SALESMAN        7698 22-FEB-81       1250        500         30               
      7566 JONES      MANAGER         7839 02-APR-81       2975                    20               
      7654 MARTIN     SALESMAN        7698 28-SEP-81       1250       1400         30               
      7698 BLAKE      MANAGER         7839 01-MAY-81       2850                    30               
      7782 CLARK      MANAGER         7839 09-JUN-81       2450                    10               
      7788 SCOTT      ANALYST         7566 19-APR-87       3000                    20               
      7839 KING       PRESIDENT            17-NOV-81       5000                    10               
      7844 TURNER     SALESMAN        7698 08-SEP-81       1500          0         30               
      7876 ADAMS      CLERK           7788 23-MAY-87       1100                    20               
      7900 JAMES      CLERK           7698 03-DEC-81        950                    30               
      7902 FORD       ANALYST         7566 03-DEC-81       3000                    20               
      7934 MILLER     CLERK           7782 23-JAN-82       1300                    10               

14 rows selected.

SQL> SLLECT SAL FROM EMP WHERE SAL*12 AS ANNUAL_SAL;
SP2-0734: unknown command beginning "SLLECT SAL..." - rest of line ignored.
SQL> SELECT SAL,SAL*12 AS ANNUAL_SAL FROM EMP;

       SAL ANNUAL_SAL                                                                               
---------- ----------                                                                               
       800       9600                                                                               
      1600      19200                                                                               
      1250      15000                                                                               
      2975      35700                                                                               
      1250      15000                                                                               
      2850      34200                                                                               
      2450      29400                                                                               
      3000      36000                                                                               
      5000      60000                                                                               
      1500      18000                                                                               
      1100      13200                                                                               
       950      11400                                                                               
      3000      36000                                                                               
      1300      15600                                                                               

14 rows selected.

SQL> SELECT SAL,SAL * 0.20 AS DEDUCTION FROM EMP;

       SAL  DEDUCTION                                                                               
---------- ----------                                                                               
       800        160                                                                               
      1600        320                                                                               
      1250        250                                                                               
      2975        595                                                                               
      1250        250                                                                               
      2850        570                                                                               
      2450        490                                                                               
      3000        600                                                                               
      5000       1000                                                                               
      1500        300                                                                               
      1100        220                                                                               
       950        190                                                                               
      3000        600                                                                               
      1300        260                                                                               

14 rows selected.

SQL> SELECT ENAME, SAL * 0.80 AS NET_SALARY
  2  FROM EMP;

ENAME      NET_SALARY                                                                               
---------- ----------                                                                               
SMITH             640                                                                               
ALLEN            1280                                                                               
WARD             1000                                                                               
JONES            2380                                                                               
MARTIN           1000                                                                               
BLAKE            2280                                                                               
CLARK            1960                                                                               
SCOTT            2400                                                                               
KING             4000                                                                               
TURNER           1200                                                                               
ADAMS             880                                                                               
JAMES             760                                                                               
FORD             2400                                                                               
MILLER           1040                                                                               

14 rows selected.

SQL> SELECT SAL ,SAL - 100 AS PANALTY FROM EMP;

       SAL    PANALTY                                                                               
---------- ----------                                                                               
       800        700                                                                               
      1600       1500                                                                               
      1250       1150                                                                               
      2975       2875                                                                               
      1250       1150                                                                               
      2850       2750                                                                               
      2450       2350                                                                               
      3000       2900                                                                               
      5000       4900                                                                               
      1500       1400                                                                               
      1100       1000                                                                               
       950        850                                                                               
      3000       2900                                                                               
      1300       1200                                                                               

14 rows selected.

SQL> SELECT ENAME AS NAME FROM EMP;

NAME                                                                                                
----------                                                                                          
SMITH                                                                                               
ALLEN                                                                                               
WARD                                                                                                
JONES                                                                                               
MARTIN                                                                                              
BLAKE                                                                                               
CLARK                                                                                               
SCOTT                                                                                               
KING                                                                                                
TURNER                                                                                              
ADAMS                                                                                               
JAMES                                                                                               
FORD                                                                                                
MILLER                                                                                              

14 rows selected.

SQL> SLEECT * FROM EMP;
SP2-0734: unknown command beginning "SLEECT * F..." - rest of line ignored.
SQL> ED
Wrote file afiedt.buf

  1* SELECT ENAME AS NAME FROM EMP
SQL> SELECT * FROM EMP;

     EMPNO ENAME      JOB              MGR HIREDATE         SAL       COMM     DEPTNO               
---------- ---------- --------- ---------- --------- ---------- ---------- ----------               
      7369 SMITH      CLERK           7902 17-DEC-80        800                    20               
      7499 ALLEN      SALESMAN        7698 20-FEB-81       1600        300         30               
      7521 WARD       SALESMAN        7698 22-FEB-81       1250        500         30               
      7566 JONES      MANAGER         7839 02-APR-81       2975                    20               
      7654 MARTIN     SALESMAN        7698 28-SEP-81       1250       1400         30               
      7698 BLAKE      MANAGER         7839 01-MAY-81       2850                    30               
      7782 CLARK      MANAGER         7839 09-JUN-81       2450                    10               
      7788 SCOTT      ANALYST         7566 19-APR-87       3000                    20               
      7839 KING       PRESIDENT            17-NOV-81       5000                    10               
      7844 TURNER     SALESMAN        7698 08-SEP-81       1500          0         30               
      7876 ADAMS      CLERK           7788 23-MAY-87       1100                    20               
      7900 JAMES      CLERK           7698 03-DEC-81        950                    30               
      7902 FORD       ANALYST         7566 03-DEC-81       3000                    20               
      7934 MILLER     CLERK           7782 23-JAN-82       1300                    10               

14 rows selected.

SQL> SELECT ENAME , SAL/2 AS HALF_SAL FROM EMP;

ENAME        HALF_SAL                                                                               
---------- ----------                                                                               
SMITH             400                                                                               
ALLEN             800                                                                               
WARD              625                                                                               
JONES          1487.5                                                                               
MARTIN            625                                                                               
BLAKE            1425                                                                               
CLARK            1225                                                                               
SCOTT            1500                                                                               
KING             2500                                                                               
TURNER            750                                                                               
ADAMS             550                                                                               
JAMES             475                                                                               
FORD             1500                                                                               
MILLER            650                                                                               

14 rows selected.

SQL> SELECT SAL,SAL*12 + 1000 AS BONUS_SAL FROM EMP;

       SAL  BONUS_SAL                                                                               
---------- ----------                                                                               
       800      10600                                                                               
      1600      20200                                                                               
      1250      16000                                                                               
      2975      36700                                                                               
      1250      16000                                                                               
      2850      35200                                                                               
      2450      30400                                                                               
      3000      37000                                                                               
      5000      61000                                                                               
      1500      19000                                                                               
      1100      14200                                                                               
       950      12400                                                                               
      3000      37000                                                                               
      1300      16600                                                                               

14 rows selected.

SQL> SELECT SAL,SAL+(SAL*0.01) AS SALARY_HIKE FROM EMP;

       SAL SALARY_HIKE                                                                              
---------- -----------                                                                              
       800         808                                                                              
      1600        1616                                                                              
      1250      1262.5                                                                              
      2975     3004.75                                                                              
      1250      1262.5                                                                              
      2850      2878.5                                                                              
      2450      2474.5                                                                              
      3000        3030                                                                              
      5000        5050                                                                              
      1500        1515                                                                              
      1100        1111                                                                              
       950       959.5                                                                              
      3000        3030                                                                              
      1300        1313                                                                              

14 rows selected.

SQL> ED
Wrote file afiedt.buf

  1* SELECT SAL,SAL+(SAL*0.10) AS SALARY_HIKE FROM EMP
SQL> /

       SAL SALARY_HIKE                                                                              
---------- -----------                                                                              
       800         880                                                                              
      1600        1760                                                                              
      1250        1375                                                                              
      2975      3272.5                                                                              
      1250        1375                                                                              
      2850        3135                                                                              
      2450        2695                                                                              
      3000        3300                                                                              
      5000        5500                                                                              
      1500        1650                                                                              
      1100        1210                                                                              
       950        1045                                                                              
      3000        3300                                                                              
      1300        1430                                                                              

14 rows selected.

SQL> SELECT A.column_name, B.column_name
  2  FROM EMP A
  3  JOIN EMP B
  4  ON A.column_name = B.column_name;
ON A.column_name = B.column_name
                   *
ERROR at line 4:
ORA-00904: "B"."COLUMN_NAME": invalid identifier 


SQL> SELECT E.ENAME AS EMPLOYEE_NAME,
  2         M.ENAME AS MANAGER_NAME
  3  FROM EMP E
  4  JOIN EMP M
  5  ON E.MGR = M.EMPNO;

EMPLOYEE_N MANAGER_NA                                                                               
---------- ----------                                                                               
SMITH      FORD                                                                                     
ALLEN      BLAKE                                                                                    
WARD       BLAKE                                                                                    
JONES      KING                                                                                     
MARTIN     BLAKE                                                                                    
BLAKE      KING                                                                                     
CLARK      KING                                                                                     
SCOTT      JONES                                                                                    
TURNER     BLAKE                                                                                    
ADAMS      SCOTT                                                                                    
JAMES      BLAKE                                                                                    
FORD       JONES                                                                                    
MILLER     CLARK                                                                                    

13 rows selected.

SQL> CREATE TABLE EMP (
  2      EMPNO NUMBER PRIMARY KEY,
  3      ENAME VARCHAR2(30),
  4      DEPTNO NUMBER,
  5      CONSTRAINT FK_DEPT
  6      FOREIGN KEY (DEPTNO)
  7      REFERENCES DEPT(DEPTNO)
  8  );
CREATE TABLE EMP (
             *
ERROR at line 1:
ORA-00955: name is already used by an existing object 


SQL> SELECT 'HI' || ENAME FROM EMP;

'HI'||ENAME                                                                                         
------------                                                                                        
HISMITH                                                                                             
HIALLEN                                                                                             
HIWARD                                                                                              
HIJONES                                                                                             
HIMARTIN                                                                                            
HIBLAKE                                                                                             
HICLARK                                                                                             
HISCOTT                                                                                             
HIKING                                                                                              
HITURNER                                                                                            
HIADAMS                                                                                             
HIJAMES                                                                                             
HIFORD                                                                                              
HIMILLER                                                                                            

14 rows selected.

SQL> SELECT ENAME ,DEPTNO FROM EMP WHERE DEPTNO IN(10,30);

ENAME          DEPTNO                                                                               
---------- ----------                                                                               
ALLEN              30                                                                               
WARD               30                                                                               
MARTIN             30                                                                               
BLAKE              30                                                                               
CLARK              10                                                                               
KING               10                                                                               
TURNER             30                                                                               
JAMES              30                                                                               
MILLER             10                                                                               

9 rows selected.

SQL> SELECT * FROM EMP WHERE HIREDATE BETWEEN '01-JAN-1980' AND '01-FEB-1986';

     EMPNO ENAME      JOB              MGR HIREDATE         SAL       COMM     DEPTNO               
---------- ---------- --------- ---------- --------- ---------- ---------- ----------               
      7369 SMITH      CLERK           7902 17-DEC-80        800                    20               
      7499 ALLEN      SALESMAN        7698 20-FEB-81       1600        300         30               
      7521 WARD       SALESMAN        7698 22-FEB-81       1250        500         30               
      7566 JONES      MANAGER         7839 02-APR-81       2975                    20               
      7654 MARTIN     SALESMAN        7698 28-SEP-81       1250       1400         30               
      7698 BLAKE      MANAGER         7839 01-MAY-81       2850                    30               
      7782 CLARK      MANAGER         7839 09-JUN-81       2450                    10               
      7839 KING       PRESIDENT            17-NOV-81       5000                    10               
      7844 TURNER     SALESMAN        7698 08-SEP-81       1500          0         30               
      7900 JAMES      CLERK           7698 03-DEC-81        950                    30               
      7902 FORD       ANALYST         7566 03-DEC-81       3000                    20               
      7934 MILLER     CLERK           7782 23-JAN-82       1300                    10               

12 rows selected.

SQL> SELECT * FROM EMP WHERE ENAME LIKE '%@%' ESCAPE '@' FROM EMP;
SELECT * FROM EMP WHERE ENAME LIKE '%@%' ESCAPE '@' FROM EMP
                                                    *
ERROR at line 1:
ORA-00933: SQL command not properly ended 


SQL> ED
Wrote file afiedt.buf

  1* SELECT * FROM EMP WHERE ENAME LIKE '%@%' ESCAPE '@' ;
SQL> /
SELECT * FROM EMP WHERE ENAME LIKE '%@%' ESCAPE '@' ;
                                                    *
ERROR at line 1:
ORA-00911: invalid character 


SQL> SELECT SUBSTR('RAHUL',1,4) FROM DUAL;

SUBS                                                                                                
----                                                                                                
RAHU                                                                                                

SQL> ED
Wrote file afiedt.buf

  1* SELECT SUBSTR('RAHUL',1,3) FROM DUAL;
SQL> /
SELECT SUBSTR('RAHUL',1,3) FROM DUAL;
                                    *
ERROR at line 1:
ORA-00911: invalid character 


SQL> SELECT SUBSTR('RAHUL'2,3) FROM DUAL;
SELECT SUBSTR('RAHUL'2,3) FROM DUAL
                     *
ERROR at line 1:
ORA-00907: missing right parenthesis 


SQL> ED
Wrote file afiedt.buf

  1* SELECT SUBSTR('RAHUL',2,3) FROM DUAL
SQL> /

SUB                                                                                                 
---                                                                                                 
AHU                                                                                                 

SQL> SELECT INSTR('RAHUL','A',1,1);
SELECT INSTR('RAHUL','A',1,1)
                            *
ERROR at line 1:
ORA-00923: FROM keyword not found where expected 


SQL> SELECT ENAME FROM EMP WHERE INSTR(ENAME,'A',1,1);
SELECT ENAME FROM EMP WHERE INSTR(ENAME,'A',1,1)
                                               *
ERROR at line 1:
ORA-00920: invalid relational operator 


SQL> ED
Wrote file afiedt.buf

  1* SELECT ENAME FROM EMP WHERE INSTR(ENAME,'A',1,1) > 0;
SQL> /
SELECT ENAME FROM EMP WHERE INSTR(ENAME,'A',1,1) > 0;
                                                    *
ERROR at line 1:
ORA-00911: invalid character 


SQL> SELECT MOD(5,2) FROM DUAL;

  MOD(5,2)                                                                                          
----------                                                                                          
         1                                                                                          

SQL> SELECT TRUNC (5.6) FROM DUAL;

TRUNC(5.6)                                                                                          
----------                                                                                          
         5                                                                                          

SQL> CREATE TABLE SAMPLE {
  2  ID (NUMBER),
  3  VARCHAR(50)
  4  };
CREATE TABLE SAMPLE {
                    *
ERROR at line 1:
ORA-00911: invalid character 


SQL> CREATE TABLE STUDENT (
  2      SID NUMBER,
  3      NAME VARCHAR2(30),
  4      AGE NUMBER
  5  );

Table created.

SQL> SHOW STUDENT;
SP2-0158: unknown SHOW option "STUDENT"
SQL> SHOW SAMPLE;
SP2-0158: unknown SHOW option "SAMPLE"
SQL> SELECT * FROM STUDENT;

no rows selected

SQL> DESC STUDENT;
 Name                                                  Null?    Type
 ----------------------------------------------------- -------- ------------------------------------
 SID                                                            NUMBER
 NAME                                                           VARCHAR2(30)
 AGE                                                            NUMBER

SQL> INSERT INTO STUDENT VALUES (101, 'Rahul', 21);

1 row created.

SQL> INSERT INTO STUDENT VALUES (102, 'Aman', 22);

1 row created.

SQL> 
SQL> COMMIT;

Commit complete.

SQL> 
SQL> SELECT * FROM STUDENT;

       SID NAME                                  AGE                                                
---------- ------------------------------ ----------                                                
       101 Rahul                                  21                                                
       102 Aman                                   22                                                

SQL> TRUNCATE STUDENT;
TRUNCATE STUDENT
               *
ERROR at line 1:
ORA-03290: Invalid truncate command - missing CLUSTER or TABLE keyword 


SQL> ED
Wrote file afiedt.buf

  1* TRUNCATE  TABLE STUDENT
SQL> /

Table truncated.

SQL> DESC STUDENT;
 Name                                                  Null?    Type
 ----------------------------------------------------- -------- ------------------------------------
 SID                                                            NUMBER
 NAME                                                           VARCHAR2(30)
 AGE                                                            NUMBER

SQL> INSERT INTO STUDENT
  2  VALUES (101, 'Rahul', 21);

1 row created.

SQL> 
SQL> INSERT INTO STUDENT
  2  VALUES (102, 'Aman', 22);

1 row created.

SQL> DESC STUDENT;
 Name                                                  Null?    Type
 ----------------------------------------------------- -------- ------------------------------------
 SID                                                            NUMBER
 NAME                                                           VARCHAR2(30)
 AGE                                                            NUMBER

SQL> CREATE TABLE STUDENT(
  2  /
CREATE TABLE STUDENT(
                    *
ERROR at line 1:
ORA-00904: : invalid identifier 


SQL> CREATE TABLE STUDENT (
  2      SID NUMBER,
  3      NAME VARCHAR2(30),
  4      AGE NUMBER
  5  );
CREATE TABLE STUDENT (
             *
ERROR at line 1:
ORA-00955: name is already used by an existing object 


SQL> INSERT INTO STUDENT
  2  VALUES (101, 'Rahul', 21);

1 row created.

SQL> 
SQL> INSERT INTO STUDENT
  2  VALUES (102, 'Aman', 22);

1 row created.

SQL> DESC STUDENT;
 Name                                                  Null?    Type
 ----------------------------------------------------- -------- ------------------------------------
 SID                                                            NUMBER
 NAME                                                           VARCHAR2(30)
 AGE                                                            NUMBER

SQL> SELECT * FROM STUDENT;

       SID NAME                                  AGE                                                
---------- ------------------------------ ----------                                                
       101 Rahul                                  21                                                
       102 Aman                                   22                                                
       101 Rahul                                  21                                                
       102 Aman                                   22                                                

SQL> SELECT ENAME, SAL
  2  FROM EMP
  3  WHERE DEPTNO = 20
  4  ORDER BY SAL DESC;

ENAME             SAL                                                                               
---------- ----------                                                                               
SCOTT            3000                                                                               
FORD             3000                                                                               
JONES            2975                                                                               
ADAMS            1100                                                                               
SMITH             800                                                                               

SQL> SELECT E.ENAME AS EMPLOYEE,
  2         M.ENAME AS MANAGER
  3  FROM EMP E
  4  JOIN EMP M
  5  ON E.MGR = M.EMPNO;

EMPLOYEE   MANAGER                                                                                  
---------- ----------                                                                               
SMITH      FORD                                                                                     
ALLEN      BLAKE                                                                                    
WARD       BLAKE                                                                                    
JONES      KING                                                                                     
MARTIN     BLAKE                                                                                    
BLAKE      KING                                                                                     
CLARK      KING                                                                                     
SCOTT      JONES                                                                                    
TURNER     BLAKE                                                                                    
ADAMS      SCOTT                                                                                    
JAMES      BLAKE                                                                                    
FORD       JONES                                                                                    
MILLER     CLARK                                                                                    

13 rows selected.

SQL> SELECT * FROM EMP E
  2  INNER JOIN DEPT D
  3  WHERE E.DEPTNO = D.DEPTNO;
WHERE E.DEPTNO = D.DEPTNO
*
ERROR at line 3:
ORA-00905: missing keyword 


SQL> SELECT *
  2  FROM EMP E
  3  INNER JOIN DEPT D
  4  ON E.DEPTNO = D.DEPTNO;

     EMPNO ENAME      JOB              MGR HIREDATE         SAL       COMM     DEPTNO     DEPTNO    
---------- ---------- --------- ---------- --------- ---------- ---------- ---------- ----------    
DNAME          LOC                                                                                  
-------------- -------------                                                                        
      7369 SMITH      CLERK           7902 17-DEC-80        800                    20         20    
RESEARCH       DALLAS                                                                               
                                                                                                    
      7499 ALLEN      SALESMAN        7698 20-FEB-81       1600        300         30         30    
SALES          CHICAGO                                                                              
                                                                                                    
      7521 WARD       SALESMAN        7698 22-FEB-81       1250        500         30         30    
SALES          CHICAGO                                                                              
                                                                                                    
      7566 JONES      MANAGER         7839 02-APR-81       2975                    20         20    
RESEARCH       DALLAS                                                                               
                                                                                                    
      7654 MARTIN     SALESMAN        7698 28-SEP-81       1250       1400         30         30    
SALES          CHICAGO                                                                              
                                                                                                    
      7698 BLAKE      MANAGER         7839 01-MAY-81       2850                    30         30    
SALES          CHICAGO                                                                              
                                                                                                    
      7782 CLARK      MANAGER         7839 09-JUN-81       2450                    10         10    
ACCOUNTING     NEW YORK                                                                             
                                                                                                    
      7788 SCOTT      ANALYST         7566 19-APR-87       3000                    20         20    
RESEARCH       DALLAS                                                                               
                                                                                                    
      7839 KING       PRESIDENT            17-NOV-81       5000                    10         10    
ACCOUNTING     NEW YORK                                                                             
                                                                                                    
      7844 TURNER     SALESMAN        7698 08-SEP-81       1500          0         30         30    
SALES          CHICAGO                                                                              
                                                                                                    
      7876 ADAMS      CLERK           7788 23-MAY-87       1100                    20         20    
RESEARCH       DALLAS                                                                               
                                                                                                    
      7900 JAMES      CLERK           7698 03-DEC-81        950                    30         30    
SALES          CHICAGO                                                                              
                                                                                                    
      7902 FORD       ANALYST         7566 03-DEC-81       3000                    20         20    
RESEARCH       DALLAS                                                                               
                                                                                                    
      7934 MILLER     CLERK           7782 23-JAN-82       1300                    10         10    
ACCOUNTING     NEW YORK                                                                             
                                                                                                    

14 rows selected.

SQL> SET PAGES 100 COLS 100;
SP2-0158: unknown SET option "COLS"
SQL> SET PAGES 100 ROWS 100;
SP2-0158: unknown SET option "ROWS"
SQL> SET PAGES 100
SQL> SET LINES 100;
SQL> SELECT * FROM EMP;

     EMPNO ENAME      JOB              MGR HIREDATE         SAL       COMM     DEPTNO               
---------- ---------- --------- ---------- --------- ---------- ---------- ----------               
      7369 SMITH      CLERK           7902 17-DEC-80        800                    20               
      7499 ALLEN      SALESMAN        7698 20-FEB-81       1600        300         30               
      7521 WARD       SALESMAN        7698 22-FEB-81       1250        500         30               
      7566 JONES      MANAGER         7839 02-APR-81       2975                    20               
      7654 MARTIN     SALESMAN        7698 28-SEP-81       1250       1400         30               
      7698 BLAKE      MANAGER         7839 01-MAY-81       2850                    30               
      7782 CLARK      MANAGER         7839 09-JUN-81       2450                    10               
      7788 SCOTT      ANALYST         7566 19-APR-87       3000                    20               
      7839 KING       PRESIDENT            17-NOV-81       5000                    10               
      7844 TURNER     SALESMAN        7698 08-SEP-81       1500          0         30               
      7876 ADAMS      CLERK           7788 23-MAY-87       1100                    20               
      7900 JAMES      CLERK           7698 03-DEC-81        950                    30               
      7902 FORD       ANALYST         7566 03-DEC-81       3000                    20               
      7934 MILLER     CLERK           7782 23-JAN-82       1300                    10               

14 rows selected.

SQL> SELECT * FROM DEPT;

    DEPTNO DNAME          LOC                                                                       
---------- -------------- -------------                                                             
        10 ACCOUNTING     NEW YORK                                                                  
        20 RESEARCH       DALLAS                                                                    
        30 SALES          CHICAGO                                                                   
        40 OPERATIONS     BOSTON                                                                    

SQL> SELECT *
  2  FROM EMP E
  3  LEFT JOIN DEPT D
  4  ON E.DEPTNO = D.DEPTNO;

     EMPNO ENAME      JOB              MGR HIREDATE         SAL       COMM     DEPTNO     DEPTNO    
---------- ---------- --------- ---------- --------- ---------- ---------- ---------- ----------    
DNAME          LOC                                                                                  
-------------- -------------                                                                        
      7369 SMITH      CLERK           7902 17-DEC-80        800                    20         20    
RESEARCH       DALLAS                                                                               
                                                                                                    
      7499 ALLEN      SALESMAN        7698 20-FEB-81       1600        300         30         30    
SALES          CHICAGO                                                                              
                                                                                                    
      7521 WARD       SALESMAN        7698 22-FEB-81       1250        500         30         30    
SALES          CHICAGO                                                                              
                                                                                                    
      7566 JONES      MANAGER         7839 02-APR-81       2975                    20         20    
RESEARCH       DALLAS                                                                               
                                                                                                    
      7654 MARTIN     SALESMAN        7698 28-SEP-81       1250       1400         30         30    
SALES          CHICAGO                                                                              
                                                                                                    
      7698 BLAKE      MANAGER         7839 01-MAY-81       2850                    30         30    
SALES          CHICAGO                                                                              
                                                                                                    
      7782 CLARK      MANAGER         7839 09-JUN-81       2450                    10         10    
ACCOUNTING     NEW YORK                                                                             
                                                                                                    
      7788 SCOTT      ANALYST         7566 19-APR-87       3000                    20         20    
RESEARCH       DALLAS                                                                               
                                                                                                    
      7839 KING       PRESIDENT            17-NOV-81       5000                    10         10    
ACCOUNTING     NEW YORK                                                                             
                                                                                                    
      7844 TURNER     SALESMAN        7698 08-SEP-81       1500          0         30         30    
SALES          CHICAGO                                                                              
                                                                                                    
      7876 ADAMS      CLERK           7788 23-MAY-87       1100                    20         20    
RESEARCH       DALLAS                                                                               
                                                                                                    
      7900 JAMES      CLERK           7698 03-DEC-81        950                    30         30    
SALES          CHICAGO                                                                              
                                                                                                    
      7902 FORD       ANALYST         7566 03-DEC-81       3000                    20         20    
RESEARCH       DALLAS                                                                               
                                                                                                    
      7934 MILLER     CLERK           7782 23-JAN-82       1300                    10         10    
ACCOUNTING     NEW YORK                                                                             
                                                                                                    

14 rows selected.

SQL> SELECT *
  2  FROM EMP
  3  CROSS JOIN DEPT;

     EMPNO ENAME      JOB              MGR HIREDATE         SAL       COMM     DEPTNO     DEPTNO    
---------- ---------- --------- ---------- --------- ---------- ---------- ---------- ----------    
DNAME          LOC                                                                                  
-------------- -------------                                                                        
      7369 SMITH      CLERK           7902 17-DEC-80        800                    20         10    
ACCOUNTING     NEW YORK                                                                             
                                                                                                    
      7499 ALLEN      SALESMAN        7698 20-FEB-81       1600        300         30         10    
ACCOUNTING     NEW YORK                                                                             
                                                                                                    
      7521 WARD       SALESMAN        7698 22-FEB-81       1250        500         30         10    
ACCOUNTING     NEW YORK                                                                             
                                                                                                    
      7566 JONES      MANAGER         7839 02-APR-81       2975                    20         10    
ACCOUNTING     NEW YORK                                                                             
                                                                                                    
      7654 MARTIN     SALESMAN        7698 28-SEP-81       1250       1400         30         10    
ACCOUNTING     NEW YORK                                                                             
                                                                                                    
      7698 BLAKE      MANAGER         7839 01-MAY-81       2850                    30         10    
ACCOUNTING     NEW YORK                                                                             
                                                                                                    
      7782 CLARK      MANAGER         7839 09-JUN-81       2450                    10         10    
ACCOUNTING     NEW YORK                                                                             
                                                                                                    
      7788 SCOTT      ANALYST         7566 19-APR-87       3000                    20         10    
ACCOUNTING     NEW YORK                                                                             
                                                                                                    
      7839 KING       PRESIDENT            17-NOV-81       5000                    10         10    
ACCOUNTING     NEW YORK                                                                             
                                                                                                    
      7844 TURNER     SALESMAN        7698 08-SEP-81       1500          0         30         10    
ACCOUNTING     NEW YORK                                                                             
                                                                                                    
      7876 ADAMS      CLERK           7788 23-MAY-87       1100                    20         10    
ACCOUNTING     NEW YORK                                                                             
                                                                                                    
      7900 JAMES      CLERK           7698 03-DEC-81        950                    30         10    
ACCOUNTING     NEW YORK                                                                             
                                                                                                    
      7902 FORD       ANALYST         7566 03-DEC-81       3000                    20         10    
ACCOUNTING     NEW YORK                                                                             
                                                                                                    
      7934 MILLER     CLERK           7782 23-JAN-82       1300                    10         10    
ACCOUNTING     NEW YORK                                                                             
                                                                                                    
      7369 SMITH      CLERK           7902 17-DEC-80        800                    20         20    
RESEARCH       DALLAS                                                                               
                                                                                                    
      7499 ALLEN      SALESMAN        7698 20-FEB-81       1600        300         30         20    
RESEARCH       DALLAS                                                                               
                                                                                                    
      7521 WARD       SALESMAN        7698 22-FEB-81       1250        500         30         20    
RESEARCH       DALLAS                                                                               
                                                                                                    
      7566 JONES      MANAGER         7839 02-APR-81       2975                    20         20    
RESEARCH       DALLAS                                                                               
                                                                                                    
      7654 MARTIN     SALESMAN        7698 28-SEP-81       1250       1400         30         20    
RESEARCH       DALLAS                                                                               
                                                                                                    
      7698 BLAKE      MANAGER         7839 01-MAY-81       2850                    30         20    
RESEARCH       DALLAS                                                                               
                                                                                                    
      7782 CLARK      MANAGER         7839 09-JUN-81       2450                    10         20    
RESEARCH       DALLAS                                                                               
                                                                                                    
      7788 SCOTT      ANALYST         7566 19-APR-87       3000                    20         20    
RESEARCH       DALLAS                                                                               
                                                                                                    
      7839 KING       PRESIDENT            17-NOV-81       5000                    10         20    
RESEARCH       DALLAS                                                                               
                                                                                                    
      7844 TURNER     SALESMAN        7698 08-SEP-81       1500          0         30         20    
RESEARCH       DALLAS                                                                               
                                                                                                    
      7876 ADAMS      CLERK           7788 23-MAY-87       1100                    20         20    
RESEARCH       DALLAS                                                                               
                                                                                                    
      7900 JAMES      CLERK           7698 03-DEC-81        950                    30         20    
RESEARCH       DALLAS                                                                               
                                                                                                    
      7902 FORD       ANALYST         7566 03-DEC-81       3000                    20         20    
RESEARCH       DALLAS                                                                               
                                                                                                    
      7934 MILLER     CLERK           7782 23-JAN-82       1300                    10         20    
RESEARCH       DALLAS                                                                               
                                                                                                    
      7369 SMITH      CLERK           7902 17-DEC-80        800                    20         30    
SALES          CHICAGO                                                                              
                                                                                                    
      7499 ALLEN      SALESMAN        7698 20-FEB-81       1600        300         30         30    
SALES          CHICAGO                                                                              
                                                                                                    
      7521 WARD       SALESMAN        7698 22-FEB-81       1250        500         30         30    
SALES          CHICAGO                                                                              
                                                                                                    
      7566 JONES      MANAGER         7839 02-APR-81       2975                    20         30    
SALES          CHICAGO                                                                              

     EMPNO ENAME      JOB              MGR HIREDATE         SAL       COMM     DEPTNO     DEPTNO    
---------- ---------- --------- ---------- --------- ---------- ---------- ---------- ----------    
DNAME          LOC                                                                                  
-------------- -------------                                                                        
                                                                                                    
      7654 MARTIN     SALESMAN        7698 28-SEP-81       1250       1400         30         30    
SALES          CHICAGO                                                                              
                                                                                                    
      7698 BLAKE      MANAGER         7839 01-MAY-81       2850                    30         30    
SALES          CHICAGO                                                                              
                                                                                                    
      7782 CLARK      MANAGER         7839 09-JUN-81       2450                    10         30    
SALES          CHICAGO                                                                              
                                                                                                    
      7788 SCOTT      ANALYST         7566 19-APR-87       3000                    20         30    
SALES          CHICAGO                                                                              
                                                                                                    
      7839 KING       PRESIDENT            17-NOV-81       5000                    10         30    
SALES          CHICAGO                                                                              
                                                                                                    
      7844 TURNER     SALESMAN        7698 08-SEP-81       1500          0         30         30    
SALES          CHICAGO                                                                              
                                                                                                    
      7876 ADAMS      CLERK           7788 23-MAY-87       1100                    20         30    
SALES          CHICAGO                                                                              
                                                                                                    
      7900 JAMES      CLERK           7698 03-DEC-81        950                    30         30    
SALES          CHICAGO                                                                              
                                                                                                    
      7902 FORD       ANALYST         7566 03-DEC-81       3000                    20         30    
SALES          CHICAGO                                                                              
                                                                                                    
      7934 MILLER     CLERK           7782 23-JAN-82       1300                    10         30    
SALES          CHICAGO                                                                              
                                                                                                    
      7369 SMITH      CLERK           7902 17-DEC-80        800                    20         40    
OPERATIONS     BOSTON                                                                               
                                                                                                    
      7499 ALLEN      SALESMAN        7698 20-FEB-81       1600        300         30         40    
OPERATIONS     BOSTON                                                                               
                                                                                                    
      7521 WARD       SALESMAN        7698 22-FEB-81       1250        500         30         40    
OPERATIONS     BOSTON                                                                               
                                                                                                    
      7566 JONES      MANAGER         7839 02-APR-81       2975                    20         40    
OPERATIONS     BOSTON                                                                               
                                                                                                    
      7654 MARTIN     SALESMAN        7698 28-SEP-81       1250       1400         30         40    
OPERATIONS     BOSTON                                                                               
                                                                                                    
      7698 BLAKE      MANAGER         7839 01-MAY-81       2850                    30         40    
OPERATIONS     BOSTON                                                                               
                                                                                                    
      7782 CLARK      MANAGER         7839 09-JUN-81       2450                    10         40    
OPERATIONS     BOSTON                                                                               
                                                                                                    
      7788 SCOTT      ANALYST         7566 19-APR-87       3000                    20         40    
OPERATIONS     BOSTON                                                                               
                                                                                                    
      7839 KING       PRESIDENT            17-NOV-81       5000                    10         40    
OPERATIONS     BOSTON                                                                               
                                                                                                    
      7844 TURNER     SALESMAN        7698 08-SEP-81       1500          0         30         40    
OPERATIONS     BOSTON                                                                               
                                                                                                    
      7876 ADAMS      CLERK           7788 23-MAY-87       1100                    20         40    
OPERATIONS     BOSTON                                                                               
                                                                                                    
      7900 JAMES      CLERK           7698 03-DEC-81        950                    30         40    
OPERATIONS     BOSTON                                                                               
                                                                                                    
      7902 FORD       ANALYST         7566 03-DEC-81       3000                    20         40    
OPERATIONS     BOSTON                                                                               
                                                                                                    
      7934 MILLER     CLERK           7782 23-JAN-82       1300                    10         40    
OPERATIONS     BOSTON                                                                               
                                                                                                    

56 rows selected.

SQL> SELECT E.ENAME AS EMPLOYEE,
  2         M.ENAME AS MANAGER
  3  FROM EMP E
  4  JOIN EMP M
  5  ON E.MGR = M.EMPNO;

EMPLOYEE   MANAGER                                                                                  
---------- ----------                                                                               
SMITH      FORD                                                                                     
ALLEN      BLAKE                                                                                    
WARD       BLAKE                                                                                    
JONES      KING                                                                                     
MARTIN     BLAKE                                                                                    
BLAKE      KING                                                                                     
CLARK      KING                                                                                     
SCOTT      JONES                                                                                    
TURNER     BLAKE                                                                                    
ADAMS      SCOTT                                                                                    
JAMES      BLAKE                                                                                    
FORD       JONES                                                                                    
MILLER     CLARK                                                                                    

13 rows selected.

SQL> SELECT ENAME
  2  FROM EMP
  3  WHERE DEPTNO =
  4  (
  5      SELECT DEPTNO
  6      FROM DEPT
  7      WHERE DNAME = 'SALES'
  8  );

ENAME                                                                                               
----------                                                                                          
ALLEN                                                                                               
WARD                                                                                                
MARTIN                                                                                              
BLAKE                                                                                               
TURNER                                                                                              
JAMES                                                                                               

6 rows selected.

SQL> SELECT * FROM EMP;

     EMPNO ENAME      JOB              MGR HIREDATE         SAL       COMM     DEPTNO               
---------- ---------- --------- ---------- --------- ---------- ---------- ----------               
      7369 SMITH      CLERK           7902 17-DEC-80        800                    20               
      7499 ALLEN      SALESMAN        7698 20-FEB-81       1600        300         30               
      7521 WARD       SALESMAN        7698 22-FEB-81       1250        500         30               
      7566 JONES      MANAGER         7839 02-APR-81       2975                    20               
      7654 MARTIN     SALESMAN        7698 28-SEP-81       1250       1400         30               
      7698 BLAKE      MANAGER         7839 01-MAY-81       2850                    30               
      7782 CLARK      MANAGER         7839 09-JUN-81       2450                    10               
      7788 SCOTT      ANALYST         7566 19-APR-87       3000                    20               
      7839 KING       PRESIDENT            17-NOV-81       5000                    10               
      7844 TURNER     SALESMAN        7698 08-SEP-81       1500          0         30               
      7876 ADAMS      CLERK           7788 23-MAY-87       1100                    20               
      7900 JAMES      CLERK           7698 03-DEC-81        950                    30               
      7902 FORD       ANALYST         7566 03-DEC-81       3000                    20               
      7934 MILLER     CLERK           7782 23-JAN-82       1300                    10               

14 rows selected.

SQL> SELECT * FROM DEPT ;

    DEPTNO DNAME          LOC                                                                       
---------- -------------- -------------                                                             
        10 ACCOUNTING     NEW YORK                                                                  
        20 RESEARCH       DALLAS                                                                    
        30 SALES          CHICAGO                                                                   
        40 OPERATIONS     BOSTON                                                                    

SQL> SELECT ENAME, SAL, DEPTNO
  2  FROM EMP E
  3  WHERE SAL >
  4  (
  5      SELECT AVG(SAL)
  6      FROM EMP
  7      WHERE DEPTNO = E.DEPTNO
  8  );

ENAME             SAL     DEPTNO                                                                    
---------- ---------- ----------                                                                    
ALLEN            1600         30                                                                    
JONES            2975         20                                                                    
BLAKE            2850         30                                                                    
SCOTT            3000         20                                                                    
KING             5000         10                                                                    
FORD             3000         20                                                                    

6 rows selected.

SQL> spool off
